c:\users\lefik\desktop\studia\semestr iii_war\jp3\lena\debug\vc142.pdb
c:\users\lefik\desktop\studia\semestr iii_war\jp3\lena\debug\vc142.idb
c:\users\lefik\desktop\studia\semestr iii_war\jp3\lena\debug\zajecia4.obj
c:\users\lefik\desktop\studia\semestr iii_war\jp3\lena\debug\pgm.obj
c:\users\lefik\desktop\studia\semestr iii_war\jp3\lena\debug\ppm.obj
c:\users\lefik\desktop\studia\semestr iii_war\jp3\lena\debug\pbm.obj
c:\users\lefik\desktop\studia\semestr iii_war\jp3\lena\debug\obraz.obj
c:\users\lefik\desktop\studia\semestr iii_war\jp3\lena\debug\zajecia4.exe
c:\users\lefik\desktop\studia\semestr iii_war\jp3\lena\debug\zajecia4.ilk
c:\users\lefik\desktop\studia\semestr iii_war\jp3\lena\debug\zajecia4.pdb
c:\users\lefik\desktop\studia\semestr iii_war\jp3\lena\debug\zajecia4.res
c:\users\lefik\desktop\studia\semestr iii_war\jp3\lena\debug\zajecia4.tlog\cl.command.1.tlog
c:\users\lefik\desktop\studia\semestr iii_war\jp3\lena\debug\zajecia4.tlog\cl.read.1.tlog
c:\users\lefik\desktop\studia\semestr iii_war\jp3\lena\debug\zajecia4.tlog\cl.write.1.tlog
c:\users\lefik\desktop\studia\semestr iii_war\jp3\lena\debug\zajecia4.tlog\link.command.1.tlog
c:\users\lefik\desktop\studia\semestr iii_war\jp3\lena\debug\zajecia4.tlog\link.read.1.tlog
c:\users\lefik\desktop\studia\semestr iii_war\jp3\lena\debug\zajecia4.tlog\link.write.1.tlog
c:\users\lefik\desktop\studia\semestr iii_war\jp3\lena\debug\zajecia4.tlog\rc.command.1.tlog
c:\users\lefik\desktop\studia\semestr iii_war\jp3\lena\debug\zajecia4.tlog\rc.read.1.tlog
c:\users\lefik\desktop\studia\semestr iii_war\jp3\lena\debug\zajecia4.tlog\rc.write.1.tlog
